Flow report for pipemult_new
Tue Apr 18 15:06:15 2017
Quartus II Version 9.0 Build 132 02/25/2009 SJ Full Version


---------------------
; Table of Contents ;
---------------------
  1. Legal Notice
  2. Flow Summary
  3. Flow Settings
  4. Flow Non-Default Global Settings
  5. Flow Elapsed Time
  6. Flow OS Summary
  7. Flow Log



----------------
; Legal Notice ;
----------------
Copyright (C) 1991-2009 Altera Corporation
Your use of Altera Corporation's design tools, logic functions 
and other software and tools, and its AMPP partner logic 
functions, and any output files from any of the foregoing 
(including device programming or simulation files), and any 
associated documentation or information are expressly subject 
to the terms and conditions of the Altera Program License 
Subscription Agreement, Altera MegaCore Function License 
Agreement, or other applicable license agreement, including, 
without limitation, that your use is for the sole purpose of 
programming logic devices manufactured by Altera and sold by 
Altera or its authorized distributors.  Please refer to the 
applicable agreement for further details.



+-------------------------------------------------------------------------------+
; Flow Summary                                                                  ;
+------------------------------------+------------------------------------------+
; Flow Status                        ; Successful - Tue Apr 18 15:06:11 2017    ;
; Quartus II Version                 ; 9.0 Build 132 02/25/2009 SJ Full Version ;
; Revision Name                      ; pipemult_new                             ;
; Top-level Entity Name              ; pipemult2                                ;
; Family                             ; Cyclone III                              ;
; Device                             ; EP3C10E144C8                             ;
; Timing Models                      ; Final                                    ;
; Met timing requirements            ; N/A                                      ;
; Total logic elements               ; 0 / 10,320 ( 0 % )                       ;
;     Total combinational functions  ; 0 / 10,320 ( 0 % )                       ;
;     Dedicated logic registers      ; 0 / 10,320 ( 0 % )                       ;
; Total registers                    ; 0                                        ;
; Total pins                         ; 83 / 95 ( 87 % )                         ;
; Total virtual pins                 ; 0                                        ;
; Total memory bits                  ; 512 / 423,936 ( < 1 % )                  ;
; Embedded Multiplier 9-bit elements ; 1 / 46 ( 2 % )                           ;
; Total PLLs                         ; 0 / 2 ( 0 % )                            ;
+------------------------------------+------------------------------------------+


+-----------------------------------------+
; Flow Settings                           ;
+-------------------+---------------------+
; Option            ; Setting             ;
+-------------------+---------------------+
; Start date & time ; 04/18/2017 15:05:59 ;
; Main task         ; Compilation         ;
; Revision Name     ; pipemult_new        ;
+-------------------+---------------------+


+--------------------------------------------------------------------------------------------------------------------+
; Flow Non-Default Global Settings                                                                                   ;
+------------------------------------+--------------------------------+---------------+-------------+----------------+
; Assignment Name                    ; Value                          ; Default Value ; Entity Name ; Section Id     ;
+------------------------------------+--------------------------------+---------------+-------------+----------------+
; COMPILER_SIGNATURE_ID              ; 44883563995294.149251715922208 ; --            ; --          ; --             ;
; IP_TOOL_NAME                       ; LPM_MULT                       ; --            ; --          ; --             ;
; IP_TOOL_NAME                       ; RAM: 2-PORT                    ; --            ; --          ; --             ;
; IP_TOOL_VERSION                    ; 9.0                            ; --            ; --          ; --             ;
; IP_TOOL_VERSION                    ; 9.0                            ; --            ; --          ; --             ;
; MAX_CORE_JUNCTION_TEMP             ; 85                             ; --            ; --          ; --             ;
; MIN_CORE_JUNCTION_TEMP             ; 0                              ; --            ; --          ; --             ;
; MISC_FILE                          ; mult.bsf                       ; --            ; --          ; --             ;
; MISC_FILE                          ; mult_inst.v                    ; --            ; --          ; --             ;
; MISC_FILE                          ; mult_bb.v                      ; --            ; --          ; --             ;
; MISC_FILE                          ; ram.bsf                        ; --            ; --          ; --             ;
; MISC_FILE                          ; ram_inst.v                     ; --            ; --          ; --             ;
; MISC_FILE                          ; ram_bb.v                       ; --            ; --          ; --             ;
; NOMINAL_CORE_SUPPLY_VOLTAGE        ; 1.2V                           ; --            ; --          ; --             ;
; PARTITION_COLOR                    ; 16764057                       ; --            ; pipemult2   ; Top            ;
; PARTITION_NETLIST_TYPE             ; SOURCE                         ; --            ; pipemult2   ; Top            ;
; TOP_LEVEL_ENTITY                   ; pipemult2                      ; pipemult_new  ; --          ; --             ;
; USE_GENERATED_PHYSICAL_CONSTRAINTS ; Off                            ; --            ; --          ; eda_blast_fpga ;
+------------------------------------+--------------------------------+---------------+-------------+----------------+


+-------------------------------------------------------------------------------------------------------------------------------+
; Flow Elapsed Time                                                                                                             ;
+---------------------------+--------------+-------------------------+---------------------+------------------------------------+
; Module Name               ; Elapsed Time ; Average Processors Used ; Peak Virtual Memory ; Total CPU Time (on all processors) ;
+---------------------------+--------------+-------------------------+---------------------+------------------------------------+
; Analysis & Synthesis      ; 00:00:01     ; 1.0                     ; --                  ; 00:00:01                           ;
; Fitter                    ; 00:00:07     ; 1.0                     ; --                  ; 00:00:07                           ;
; Assembler                 ; 00:00:00     ; 1.0                     ; --                  ; 00:00:00                           ;
; TimeQuest Timing Analyzer ; 00:00:03     ; 1.0                     ; --                  ; 00:00:02                           ;
; Total                     ; 00:00:11     ; --                      ; --                  ; 00:00:10                           ;
+---------------------------+--------------+-------------------------+---------------------+------------------------------------+


+-----------------------------------------------------------------------------------------------------+
; Flow OS Summary                                                                                     ;
+---------------------------+--------------------------+----------------+------------+----------------+
; Module Name               ; Machine Hostname         ; OS Name        ; OS Version ; Processor type ;
+---------------------------+--------------------------+----------------+------------+----------------+
; Analysis & Synthesis      ; oleglevin-ThinkPad-T440s ; Ubuntu 14.04.5 ; 14         ; x86_64         ;
; Fitter                    ; oleglevin-ThinkPad-T440s ; Ubuntu 14.04.5 ; 14         ; x86_64         ;
; Assembler                 ; oleglevin-ThinkPad-T440s ; Ubuntu 14.04.5 ; 14         ; x86_64         ;
; TimeQuest Timing Analyzer ; oleglevin-ThinkPad-T440s ; Ubuntu 14.04.5 ; 14         ; x86_64         ;
+---------------------------+--------------------------+----------------+------------+----------------+


------------
; Flow Log ;
------------
quartus_map --read_settings_files=on --write_settings_files=off pipemult_new -c pipemult_new
quartus_fit --read_settings_files=off --write_settings_files=off pipemult_new -c pipemult_new
quartus_asm --read_settings_files=off --write_settings_files=off pipemult_new -c pipemult_new
quartus_sta pipemult_new -c pipemult_new



