Flow report for one_digit_sub
Mon Mar 20 14:15:43 2017
Quartus Prime Version 16.0.0 Build 211 04/27/2016 SJ Lite Edition


---------------------
; Table of Contents ;
---------------------
  1. Legal Notice
  2. Flow Summary
  3. Flow Settings
  4. Flow Non-Default Global Settings
  5. Flow Elapsed Time
  6. Flow OS Summary
  7. Flow Log
  8. Flow Messages
  9. Flow Suppressed Messages



----------------
; Legal Notice ;
----------------
Copyright (C) 1991-2016 Altera Corporation. All rights reserved.
Your use of Altera Corporation's design tools, logic functions 
and other software and tools, and its AMPP partner logic 
functions, and any output files from any of the foregoing 
(including device programming or simulation files), and any 
associated documentation or information are expressly subject 
to the terms and conditions of the Altera Program License 
Subscription Agreement, the Altera Quartus Prime License Agreement,
the Altera MegaCore Function License Agreement, or other 
applicable license agreement, including, without limitation, 
that your use is for the sole purpose of programming logic 
devices manufactured by Altera and sold by Altera or its 
authorized distributors.  Please refer to the applicable 
agreement for further details.



+-------------------------------------------------------------------------------+
; Flow Summary                                                                  ;
+---------------------------------+---------------------------------------------+
; Flow Status                     ; Successful - Mon Mar 20 14:15:43 2017       ;
; Quartus Prime Version           ; 16.0.0 Build 211 04/27/2016 SJ Lite Edition ;
; Revision Name                   ; one_digit_sub                               ;
; Top-level Entity Name           ; one_digit_sub                               ;
; Family                          ; Cyclone V                                   ;
; Device                          ; 5CGXFC7C7F23C8                              ;
; Timing Models                   ; Final                                       ;
; Logic utilization (in ALMs)     ; 2 / 56,480 ( < 1 % )                        ;
; Total registers                 ; 0                                           ;
; Total pins                      ; 5 / 268 ( 2 % )                             ;
; Total virtual pins              ; 0                                           ;
; Total block memory bits         ; 0 / 7,024,640 ( 0 % )                       ;
; Total DSP Blocks                ; 0 / 156 ( 0 % )                             ;
; Total HSSI RX PCSs              ; 0 / 6 ( 0 % )                               ;
; Total HSSI PMA RX Deserializers ; 0 / 6 ( 0 % )                               ;
; Total HSSI TX PCSs              ; 0 / 6 ( 0 % )                               ;
; Total HSSI PMA TX Serializers   ; 0 / 6 ( 0 % )                               ;
; Total PLLs                      ; 0 / 13 ( 0 % )                              ;
; Total DLLs                      ; 0 / 4 ( 0 % )                               ;
+---------------------------------+---------------------------------------------+


+-----------------------------------------+
; Flow Settings                           ;
+-------------------+---------------------+
; Option            ; Setting             ;
+-------------------+---------------------+
; Start date & time ; 03/17/2017 15:11:08 ;
; Main task         ; Compilation         ;
; Revision Name     ; one_digit_sub       ;
+-------------------+---------------------+


+---------------------------------------------------------------------------------------------------------------------+
; Flow Non-Default Global Settings                                                                                    ;
+-------------------------------------+--------------------------------+---------------+-------------+----------------+
; Assignment Name                     ; Value                          ; Default Value ; Entity Name ; Section Id     ;
+-------------------------------------+--------------------------------+---------------+-------------+----------------+
; COMPILER_SIGNATURE_ID               ; 44883563995294.148975266827090 ; --            ; --          ; --             ;
; EDA_OUTPUT_DATA_FORMAT              ; Verilog Hdl                    ; --            ; --          ; eda_simulation ;
; EDA_SIMULATION_TOOL                 ; ModelSim-Altera (Verilog)      ; <None>        ; --          ; --             ;
; EDA_TIME_SCALE                      ; 1 ps                           ; --            ; --          ; eda_simulation ;
; PARTITION_COLOR                     ; 16764057                       ; --            ; --          ; Top            ;
; PARTITION_FITTER_PRESERVATION_LEVEL ; PLACEMENT_AND_ROUTING          ; --            ; --          ; Top            ;
; PARTITION_NETLIST_TYPE              ; SOURCE                         ; --            ; --          ; Top            ;
; PROJECT_OUTPUT_DIRECTORY            ; output_files                   ; --            ; --          ; --             ;
+-------------------------------------+--------------------------------+---------------+-------------+----------------+


+-------------------------------------------------------------------------------------------------------------------------------+
; Flow Elapsed Time                                                                                                             ;
+---------------------------+--------------+-------------------------+---------------------+------------------------------------+
; Module Name               ; Elapsed Time ; Average Processors Used ; Peak Virtual Memory ; Total CPU Time (on all processors) ;
+---------------------------+--------------+-------------------------+---------------------+------------------------------------+
; Analysis & Synthesis      ; 00:00:14     ; 1.0                     ; 1231 MB             ; 00:00:36                           ;
; Fitter                    ; 00:00:45     ; 1.0                     ; 2361 MB             ; 00:00:56                           ;
; Assembler                 ; 00:00:10     ; 1.0                     ; 1210 MB             ; 00:00:09                           ;
; TimeQuest Timing Analyzer ; 00:00:06     ; 1.0                     ; 1453 MB             ; 00:00:05                           ;
; EDA Netlist Writer        ; 00:00:01     ; 1.0                     ; 1397 MB             ; 00:00:01                           ;
; EDA Netlist Writer        ; 00:00:01     ; 1.0                     ; 1382 MB             ; 00:00:01                           ;
; EDA Netlist Writer        ; 00:00:01     ; 1.0                     ; 1385 MB             ; 00:00:01                           ;
; EDA Netlist Writer        ; 00:00:01     ; 1.0                     ; 1381 MB             ; 00:00:01                           ;
; EDA Netlist Writer        ; 00:00:01     ; 1.0                     ; 1385 MB             ; 00:00:01                           ;
; EDA Netlist Writer        ; 00:00:01     ; 1.0                     ; 1382 MB             ; 00:00:01                           ;
; EDA Netlist Writer        ; 00:00:01     ; 1.0                     ; 1397 MB             ; 00:00:01                           ;
; Total                     ; 00:01:22     ; --                      ; --                  ; 00:01:53                           ;
+---------------------------+--------------+-------------------------+---------------------+------------------------------------+


+-----------------------------------------------------------------------------------------------------+
; Flow OS Summary                                                                                     ;
+---------------------------+--------------------------+----------------+------------+----------------+
; Module Name               ; Machine Hostname         ; OS Name        ; OS Version ; Processor type ;
+---------------------------+--------------------------+----------------+------------+----------------+
; Analysis & Synthesis      ; oleglevin-ThinkPad-T440s ; Ubuntu 14.04.5 ; 14         ; x86_64         ;
; Fitter                    ; oleglevin-ThinkPad-T440s ; Ubuntu 14.04.5 ; 14         ; x86_64         ;
; Assembler                 ; oleglevin-ThinkPad-T440s ; Ubuntu 14.04.5 ; 14         ; x86_64         ;
; TimeQuest Timing Analyzer ; oleglevin-ThinkPad-T440s ; Ubuntu 14.04.5 ; 14         ; x86_64         ;
; EDA Netlist Writer        ; oleglevin-ThinkPad-T440s ; Ubuntu 14.04.5 ; 14         ; x86_64         ;
; EDA Netlist Writer        ; oleglevin-ThinkPad-T440s ; Ubuntu 14.04.5 ; 14         ; x86_64         ;
; EDA Netlist Writer        ; oleglevin-ThinkPad-T440s ; Ubuntu 14.04.5 ; 14         ; x86_64         ;
; EDA Netlist Writer        ; oleglevin-ThinkPad-T440s ; Ubuntu 14.04.5 ; 14         ; x86_64         ;
; EDA Netlist Writer        ; oleglevin-ThinkPad-T440s ; Ubuntu 14.04.5 ; 14         ; x86_64         ;
; EDA Netlist Writer        ; oleglevin-ThinkPad-T440s ; Ubuntu 14.04.5 ; 14         ; x86_64         ;
; EDA Netlist Writer        ; oleglevin-ThinkPad-T440s ; Ubuntu 14.04.5 ; 14         ; x86_64         ;
+---------------------------+--------------------------+----------------+------------+----------------+


------------
; Flow Log ;
------------
quartus_map --read_settings_files=on --write_settings_files=off one_digit_sub -c one_digit_sub
quartus_fit --read_settings_files=off --write_settings_files=off one_digit_sub -c one_digit_sub
quartus_asm --read_settings_files=off --write_settings_files=off one_digit_sub -c one_digit_sub
quartus_sta one_digit_sub -c one_digit_sub
quartus_eda --read_settings_files=off --write_settings_files=off one_digit_sub -c one_digit_sub
quartus_eda --gen_testbench --tool=modelsim_oem --format=verilog --write_settings_files=off one_digit_sub -c one_digit_sub --vector_source=/home/oleglevin/quartus_labs/lab4_one-digit_sub/Waveform.vwf --testbench_file=/home/oleglevin/quartus_labs/lab4_one-digit_sub/simulation/qsim/Waveform.vwf.vt
quartus_eda --write_settings_files=off --functional=on --flatten_buses=off --simulation=on --tool=modelsim_oem --format=verilog --output_directory=/home/oleglevin/quartus_labs/lab4_one-digit_sub/simulation/qsim/ one_digit_sub -c one_digit_sub
quartus_eda --gen_testbench --tool=modelsim_oem --format=verilog --write_settings_files=off one_digit_sub -c one_digit_sub --vector_source=/home/oleglevin/quartus_labs/lab4_one-digit_sub/Waveform.vwf --testbench_file=/home/oleglevin/quartus_labs/lab4_one-digit_sub/simulation/qsim/Waveform.vwf.vt
quartus_eda --write_settings_files=off --functional=on --flatten_buses=off --simulation=on --tool=modelsim_oem --format=verilog --output_directory=/home/oleglevin/quartus_labs/lab4_one-digit_sub/simulation/qsim/ one_digit_sub -c one_digit_sub
quartus_eda --gen_testbench --tool=modelsim_oem --format=verilog --write_settings_files=off one_digit_sub -c one_digit_sub --vector_source=/home/oleglevin/quartus_labs/lab4_one-digit_sub/Waveform.vwf --testbench_file=/home/oleglevin/quartus_labs/lab4_one-digit_sub/simulation/qsim/Waveform.vwf.vt
quartus_eda --write_settings_files=off --functional=off --flatten_buses=off --timescale=1ps --simulation=on --tool=modelsim_oem --format=verilog --output_directory=/home/oleglevin/quartus_labs/lab4_one-digit_sub/simulation/qsim/ one_digit_sub -c one_digit_sub



