Flow report for soc_kr
Fri May 26 16:51:04 2017
Quartus Prime Version 16.0.0 Build 211 04/27/2016 SJ Lite Edition


---------------------
; Table of Contents ;
---------------------
  1. Legal Notice
  2. Flow Summary
  3. Flow Settings
  4. Flow Non-Default Global Settings
  5. Flow Elapsed Time
  6. Flow OS Summary
  7. Flow Log
  8. Flow Messages
  9. Flow Suppressed Messages



----------------
; Legal Notice ;
----------------
Copyright (C) 1991-2016 Altera Corporation. All rights reserved.
Your use of Altera Corporation's design tools, logic functions 
and other software and tools, and its AMPP partner logic 
functions, and any output files from any of the foregoing 
(including device programming or simulation files), and any 
associated documentation or information are expressly subject 
to the terms and conditions of the Altera Program License 
Subscription Agreement, the Altera Quartus Prime License Agreement,
the Altera MegaCore Function License Agreement, or other 
applicable license agreement, including, without limitation, 
that your use is for the sole purpose of programming logic 
devices manufactured by Altera and sold by Altera or its 
authorized distributors.  Please refer to the applicable 
agreement for further details.



+----------------------------------------------------------------------------------+
; Flow Summary                                                                     ;
+------------------------------------+---------------------------------------------+
; Flow Status                        ; Successful - Fri May 26 16:51:04 2017       ;
; Quartus Prime Version              ; 16.0.0 Build 211 04/27/2016 SJ Lite Edition ;
; Revision Name                      ; soc_kr                                      ;
; Top-level Entity Name              ; count_mod4_altera                           ;
; Family                             ; MAX 10                                      ;
; Device                             ; 10M08SAE144C8GES                            ;
; Timing Models                      ; Preliminary                                 ;
; Total logic elements               ; 53 / 8,064 ( < 1 % )                        ;
;     Total combinational functions  ; 53 / 8,064 ( < 1 % )                        ;
;     Dedicated logic registers      ; 35 / 8,064 ( < 1 % )                        ;
; Total registers                    ; 35                                          ;
; Total pins                         ; 3 / 101 ( 3 % )                             ;
; Total virtual pins                 ; 0                                           ;
; Total memory bits                  ; 0 / 387,072 ( 0 % )                         ;
; Embedded Multiplier 9-bit elements ; 0 / 48 ( 0 % )                              ;
; Total PLLs                         ; 0 / 1 ( 0 % )                               ;
; UFM blocks                         ; 0 / 1 ( 0 % )                               ;
; ADC blocks                         ; 0 / 1 ( 0 % )                               ;
+------------------------------------+---------------------------------------------+


+-----------------------------------------+
; Flow Settings                           ;
+-------------------+---------------------+
; Option            ; Setting             ;
+-------------------+---------------------+
; Start date & time ; 05/26/2017 16:50:36 ;
; Main task         ; Compilation         ;
; Revision Name     ; soc_kr              ;
+-------------------+---------------------+


+----------------------------------------------------------------------------------------------------------------------------------+
; Flow Non-Default Global Settings                                                                                                 ;
+-------------------------------------+---------------------------------------+---------------+-------------------+----------------+
; Assignment Name                     ; Value                                 ; Default Value ; Entity Name       ; Section Id     ;
+-------------------------------------+---------------------------------------+---------------+-------------------+----------------+
; COMPILER_SIGNATURE_ID               ; 44883563995294.149580663606439        ; --            ; --                ; --             ;
; EDA_OUTPUT_DATA_FORMAT              ; Verilog Hdl                           ; --            ; --                ; eda_simulation ;
; EDA_SIMULATION_TOOL                 ; ModelSim-Altera (Verilog)             ; <None>        ; --                ; --             ;
; EDA_TIME_SCALE                      ; 1 ps                                  ; --            ; --                ; eda_simulation ;
; MAX_CORE_JUNCTION_TEMP              ; 85                                    ; --            ; --                ; --             ;
; MIN_CORE_JUNCTION_TEMP              ; 0                                     ; --            ; --                ; --             ;
; OUTPUT_IO_TIMING_FAR_END_VMEAS      ; Half Signal Swing                     ; --            ; --                ; --             ;
; OUTPUT_IO_TIMING_FAR_END_VMEAS      ; Half Signal Swing                     ; --            ; --                ; --             ;
; OUTPUT_IO_TIMING_NEAR_END_VMEAS     ; Half Vccio                            ; --            ; --                ; --             ;
; OUTPUT_IO_TIMING_NEAR_END_VMEAS     ; Half Vccio                            ; --            ; --                ; --             ;
; PARTITION_COLOR                     ; 16764057                              ; --            ; count_mod4_altera ; Top            ;
; PARTITION_FITTER_PRESERVATION_LEVEL ; PLACEMENT_AND_ROUTING                 ; --            ; count_mod4_altera ; Top            ;
; PARTITION_NETLIST_TYPE              ; SOURCE                                ; --            ; count_mod4_altera ; Top            ;
; POWER_BOARD_THERMAL_MODEL           ; None (CONSERVATIVE)                   ; --            ; --                ; --             ;
; POWER_PRESET_COOLING_SOLUTION       ; 23 MM HEAT SINK WITH 200 LFPM AIRFLOW ; --            ; --                ; --             ;
; PROJECT_OUTPUT_DIRECTORY            ; output_files                          ; --            ; --                ; --             ;
; TOP_LEVEL_ENTITY                    ; count_mod4_altera                     ; soc_kr        ; --                ; --             ;
+-------------------------------------+---------------------------------------+---------------+-------------------+----------------+


+-------------------------------------------------------------------------------------------------------------------------------+
; Flow Elapsed Time                                                                                                             ;
+---------------------------+--------------+-------------------------+---------------------+------------------------------------+
; Module Name               ; Elapsed Time ; Average Processors Used ; Peak Virtual Memory ; Total CPU Time (on all processors) ;
+---------------------------+--------------+-------------------------+---------------------+------------------------------------+
; Analysis & Synthesis      ; 00:00:14     ; 1.0                     ; 1174 MB             ; 00:00:34                           ;
; Fitter                    ; 00:00:04     ; 1.0                     ; 1429 MB             ; 00:00:05                           ;
; Assembler                 ; 00:00:02     ; 1.0                     ; 1072 MB             ; 00:00:01                           ;
; PowerPlay Power Analyzer  ; 00:00:01     ; 1.0                     ; 1122 MB             ; 00:00:01                           ;
; TimeQuest Timing Analyzer ; 00:00:02     ; 1.0                     ; 1092 MB             ; 00:00:02                           ;
; EDA Netlist Writer        ; 00:00:01     ; 1.0                     ; 1314 MB             ; 00:00:00                           ;
; Total                     ; 00:00:24     ; --                      ; --                  ; 00:00:43                           ;
+---------------------------+--------------+-------------------------+---------------------+------------------------------------+


+-----------------------------------------------------------------------------------------------------+
; Flow OS Summary                                                                                     ;
+---------------------------+--------------------------+----------------+------------+----------------+
; Module Name               ; Machine Hostname         ; OS Name        ; OS Version ; Processor type ;
+---------------------------+--------------------------+----------------+------------+----------------+
; Analysis & Synthesis      ; oleglevin-ThinkPad-T440s ; Ubuntu 14.04.5 ; 14         ; x86_64         ;
; Fitter                    ; oleglevin-ThinkPad-T440s ; Ubuntu 14.04.5 ; 14         ; x86_64         ;
; Assembler                 ; oleglevin-ThinkPad-T440s ; Ubuntu 14.04.5 ; 14         ; x86_64         ;
; PowerPlay Power Analyzer  ; oleglevin-ThinkPad-T440s ; Ubuntu 14.04.5 ; 14         ; x86_64         ;
; TimeQuest Timing Analyzer ; oleglevin-ThinkPad-T440s ; Ubuntu 14.04.5 ; 14         ; x86_64         ;
; EDA Netlist Writer        ; oleglevin-ThinkPad-T440s ; Ubuntu 14.04.5 ; 14         ; x86_64         ;
+---------------------------+--------------------------+----------------+------------+----------------+


------------
; Flow Log ;
------------
quartus_map --read_settings_files=on --write_settings_files=off soc_kr -c soc_kr
quartus_fit --read_settings_files=off --write_settings_files=off soc_kr -c soc_kr
quartus_asm --read_settings_files=off --write_settings_files=off soc_kr -c soc_kr
quartus_pow --read_settings_files=off --write_settings_files=off soc_kr -c soc_kr
quartus_sta soc_kr -c soc_kr
quartus_eda --read_settings_files=off --write_settings_files=off soc_kr -c soc_kr



