Flow report for four_digit_sum
Mon Mar 20 12:04:01 2017
Quartus Prime Version 16.0.0 Build 211 04/27/2016 SJ Lite Edition


---------------------
; Table of Contents ;
---------------------
  1. Legal Notice
  2. Flow Summary
  3. Flow Settings
  4. Flow Non-Default Global Settings
  5. Flow Elapsed Time
  6. Flow OS Summary
  7. Flow Log
  8. Flow Messages
  9. Flow Suppressed Messages



----------------
; Legal Notice ;
----------------
Copyright (C) 1991-2016 Altera Corporation. All rights reserved.
Your use of Altera Corporation's design tools, logic functions 
and other software and tools, and its AMPP partner logic 
functions, and any output files from any of the foregoing 
(including device programming or simulation files), and any 
associated documentation or information are expressly subject 
to the terms and conditions of the Altera Program License 
Subscription Agreement, the Altera Quartus Prime License Agreement,
the Altera MegaCore Function License Agreement, or other 
applicable license agreement, including, without limitation, 
that your use is for the sole purpose of programming logic 
devices manufactured by Altera and sold by Altera or its 
authorized distributors.  Please refer to the applicable 
agreement for further details.



+-------------------------------------------------------------------------------+
; Flow Summary                                                                  ;
+---------------------------------+---------------------------------------------+
; Flow Status                     ; Successful - Mon Mar 20 12:04:01 2017       ;
; Quartus Prime Version           ; 16.0.0 Build 211 04/27/2016 SJ Lite Edition ;
; Revision Name                   ; four_digit_sum                              ;
; Top-level Entity Name           ; four_digit_sum                              ;
; Family                          ; Cyclone V                                   ;
; Device                          ; 5CGXFC7C7F23C8                              ;
; Timing Models                   ; Final                                       ;
; Logic utilization (in ALMs)     ; 4 / 56,480 ( < 1 % )                        ;
; Total registers                 ; 0                                           ;
; Total pins                      ; 14 / 268 ( 5 % )                            ;
; Total virtual pins              ; 0                                           ;
; Total block memory bits         ; 0 / 7,024,640 ( 0 % )                       ;
; Total DSP Blocks                ; 0 / 156 ( 0 % )                             ;
; Total HSSI RX PCSs              ; 0 / 6 ( 0 % )                               ;
; Total HSSI PMA RX Deserializers ; 0 / 6 ( 0 % )                               ;
; Total HSSI TX PCSs              ; 0 / 6 ( 0 % )                               ;
; Total HSSI PMA TX Serializers   ; 0 / 6 ( 0 % )                               ;
; Total PLLs                      ; 0 / 13 ( 0 % )                              ;
; Total DLLs                      ; 0 / 4 ( 0 % )                               ;
+---------------------------------+---------------------------------------------+


+-----------------------------------------+
; Flow Settings                           ;
+-------------------+---------------------+
; Option            ; Setting             ;
+-------------------+---------------------+
; Start date & time ; 03/20/2017 11:11:33 ;
; Main task         ; Compilation         ;
; Revision Name     ; four_digit_sum      ;
+-------------------+---------------------+


+----------------------------------------------------------------------------------------------------------------------------+
; Flow Non-Default Global Settings                                                                                           ;
+-------------------------------------+---------------------------------------+---------------+-------------+----------------+
; Assignment Name                     ; Value                                 ; Default Value ; Entity Name ; Section Id     ;
+-------------------------------------+---------------------------------------+---------------+-------------+----------------+
; COMPILER_SIGNATURE_ID               ; 44883563995294.148999749318885        ; --            ; --          ; --             ;
; EDA_OUTPUT_DATA_FORMAT              ; Verilog Hdl                           ; --            ; --          ; eda_simulation ;
; EDA_SIMULATION_TOOL                 ; ModelSim-Altera (Verilog)             ; <None>        ; --          ; --             ;
; EDA_TIME_SCALE                      ; 1 ps                                  ; --            ; --          ; eda_simulation ;
; MAX_CORE_JUNCTION_TEMP              ; 85                                    ; --            ; --          ; --             ;
; MIN_CORE_JUNCTION_TEMP              ; 0                                     ; --            ; --          ; --             ;
; PARTITION_COLOR                     ; 16764057                              ; --            ; --          ; Top            ;
; PARTITION_FITTER_PRESERVATION_LEVEL ; PLACEMENT_AND_ROUTING                 ; --            ; --          ; Top            ;
; PARTITION_NETLIST_TYPE              ; SOURCE                                ; --            ; --          ; Top            ;
; POWER_BOARD_THERMAL_MODEL           ; None (CONSERVATIVE)                   ; --            ; --          ; --             ;
; POWER_PRESET_COOLING_SOLUTION       ; 23 MM HEAT SINK WITH 200 LFPM AIRFLOW ; --            ; --          ; --             ;
; PROJECT_OUTPUT_DIRECTORY            ; output_files                          ; --            ; --          ; --             ;
+-------------------------------------+---------------------------------------+---------------+-------------+----------------+


+-------------------------------------------------------------------------------------------------------------------------------+
; Flow Elapsed Time                                                                                                             ;
+---------------------------+--------------+-------------------------+---------------------+------------------------------------+
; Module Name               ; Elapsed Time ; Average Processors Used ; Peak Virtual Memory ; Total CPU Time (on all processors) ;
+---------------------------+--------------+-------------------------+---------------------+------------------------------------+
; Analysis & Synthesis      ; 00:00:20     ; 1.0                     ; 1229 MB             ; 00:00:43                           ;
; Fitter                    ; 00:00:58     ; 1.0                     ; 2325 MB             ; 00:01:12                           ;
; Assembler                 ; 00:00:11     ; 1.0                     ; 1208 MB             ; 00:00:11                           ;
; TimeQuest Timing Analyzer ; 00:00:08     ; 1.0                     ; 1433 MB             ; 00:00:07                           ;
; EDA Netlist Writer        ; 00:00:02     ; 1.0                     ; 1397 MB             ; 00:00:01                           ;
; EDA Netlist Writer        ; 00:00:01     ; 1.0                     ; 1381 MB             ; 00:00:01                           ;
; EDA Netlist Writer        ; 00:00:01     ; 1.0                     ; 1386 MB             ; 00:00:01                           ;
; EDA Netlist Writer        ; 00:00:01     ; 1.0                     ; 1382 MB             ; 00:00:01                           ;
; EDA Netlist Writer        ; 00:00:01     ; 1.0                     ; 1385 MB             ; 00:00:01                           ;
; EDA Netlist Writer        ; 00:00:01     ; 1.0                     ; 1382 MB             ; 00:00:01                           ;
; EDA Netlist Writer        ; 00:00:01     ; 1.0                     ; 1397 MB             ; 00:00:01                           ;
; Total                     ; 00:01:45     ; --                      ; --                  ; 00:02:20                           ;
+---------------------------+--------------+-------------------------+---------------------+------------------------------------+


+-----------------------------------------------------------------------------------------------------+
; Flow OS Summary                                                                                     ;
+---------------------------+--------------------------+----------------+------------+----------------+
; Module Name               ; Machine Hostname         ; OS Name        ; OS Version ; Processor type ;
+---------------------------+--------------------------+----------------+------------+----------------+
; Analysis & Synthesis      ; oleglevin-ThinkPad-T440s ; Ubuntu 14.04.5 ; 14         ; x86_64         ;
; Fitter                    ; oleglevin-ThinkPad-T440s ; Ubuntu 14.04.5 ; 14         ; x86_64         ;
; Assembler                 ; oleglevin-ThinkPad-T440s ; Ubuntu 14.04.5 ; 14         ; x86_64         ;
; TimeQuest Timing Analyzer ; oleglevin-ThinkPad-T440s ; Ubuntu 14.04.5 ; 14         ; x86_64         ;
; EDA Netlist Writer        ; oleglevin-ThinkPad-T440s ; Ubuntu 14.04.5 ; 14         ; x86_64         ;
; EDA Netlist Writer        ; oleglevin-ThinkPad-T440s ; Ubuntu 14.04.5 ; 14         ; x86_64         ;
; EDA Netlist Writer        ; oleglevin-ThinkPad-T440s ; Ubuntu 14.04.5 ; 14         ; x86_64         ;
; EDA Netlist Writer        ; oleglevin-ThinkPad-T440s ; Ubuntu 14.04.5 ; 14         ; x86_64         ;
; EDA Netlist Writer        ; oleglevin-ThinkPad-T440s ; Ubuntu 14.04.5 ; 14         ; x86_64         ;
; EDA Netlist Writer        ; oleglevin-ThinkPad-T440s ; Ubuntu 14.04.5 ; 14         ; x86_64         ;
; EDA Netlist Writer        ; oleglevin-ThinkPad-T440s ; Ubuntu 14.04.5 ; 14         ; x86_64         ;
+---------------------------+--------------------------+----------------+------------+----------------+


------------
; Flow Log ;
------------
quartus_map --read_settings_files=on --write_settings_files=off four_digit_sum -c four_digit_sum
quartus_fit --read_settings_files=off --write_settings_files=off four_digit_sum -c four_digit_sum
quartus_asm --read_settings_files=off --write_settings_files=off four_digit_sum -c four_digit_sum
quartus_sta four_digit_sum -c four_digit_sum
quartus_eda --read_settings_files=off --write_settings_files=off four_digit_sum -c four_digit_sum
quartus_eda --gen_testbench --tool=modelsim_oem --format=verilog --write_settings_files=off four_digit_sum -c four_digit_sum --vector_source=/home/oleglevin/quartus_labs/lab4_four-digit_sum/Waveform.vwf --testbench_file=/home/oleglevin/quartus_labs/lab4_four-digit_sum/simulation/qsim/Waveform.vwf.vt
quartus_eda --write_settings_files=off --functional=on --flatten_buses=off --simulation=on --tool=modelsim_oem --format=verilog --output_directory=/home/oleglevin/quartus_labs/lab4_four-digit_sum/simulation/qsim/ four_digit_sum -c four_digit_sum
quartus_eda --gen_testbench --tool=modelsim_oem --format=verilog --write_settings_files=off four_digit_sum -c four_digit_sum --vector_source=/home/oleglevin/quartus_labs/lab4_four-digit_sum/Waveform.vwf --testbench_file=/home/oleglevin/quartus_labs/lab4_four-digit_sum/simulation/qsim/Waveform.vwf.vt
quartus_eda --write_settings_files=off --functional=on --flatten_buses=off --simulation=on --tool=modelsim_oem --format=verilog --output_directory=/home/oleglevin/quartus_labs/lab4_four-digit_sum/simulation/qsim/ four_digit_sum -c four_digit_sum
quartus_eda --gen_testbench --tool=modelsim_oem --format=verilog --write_settings_files=off four_digit_sum -c four_digit_sum --vector_source=/home/oleglevin/quartus_labs/lab4_four-digit_sum/Waveform.vwf --testbench_file=/home/oleglevin/quartus_labs/lab4_four-digit_sum/simulation/qsim/Waveform.vwf.vt
quartus_eda --write_settings_files=off --functional=off --flatten_buses=off --timescale=1ps --simulation=on --tool=modelsim_oem --format=verilog --output_directory=/home/oleglevin/quartus_labs/lab4_four-digit_sum/simulation/qsim/ four_digit_sum -c four_digit_sum



